This is pdfTeX, Version 3.14159265-2.6-1.40.16 (MiKTeX 2.9) (preloaded format=pdflatex 2016.3.15)  15 MAR 2016 12:21
entering extended mode
**./master_thesis_RiemannPump.tex
(master_thesis_RiemannPump.tex
LaTeX2e <2015/10/01> patch level 2
Babel <3.9m> and hyphenation patterns for 69 languages loaded.
(ihethesis.cls
Document Class: ihethesis 2009/01/29 V 1.00 IHE Thesis

(C:\Users\mweiss\MikTex\tex\latex\koma-script.tds\tex\latex\koma-script\scrbook
.cls
Document Class: scrbook 2015/10/03 v3.19a KOMA-Script document class (book)

(C:\Users\mweiss\MikTex\tex\latex\koma-script.tds\tex\latex\koma-script\scrkbas
e.sty
Package: scrkbase 2015/10/03 v3.19a KOMA-Script package (KOMA-Script-dependent 
basics and keyval usage)

(C:\Users\mweiss\MikTex\tex\latex\koma-script.tds\tex\latex\koma-script\scrbase
.sty
Package: scrbase 2015/10/03 v3.19a KOMA-Script package (KOMA-Script-independent
 basics and keyval usage)
 (C:\Users\mweiss\MikTex\tex\latex\graphics\keyval.sty
Package: keyval 2014/10/28 v1.15 key=value parser (DPC)
\KV@toks@=\toks14
)
(C:\Users\mweiss\MikTex\tex\latex\koma-script.tds\tex\latex\koma-script\scrlfil
e.sty
Package: scrlfile 2015/10/03 v3.19a KOMA-Script package (loading files)

Package scrlfile, 2015/10/03 v3.19a KOMA-Script package (loading files)
                  Copyright (C) Markus Kohm

)))
(C:\Users\mweiss\MikTex\tex\latex\koma-script.tds\tex\latex\koma-script\tocbasi
c.sty
Package: tocbasic 2015/10/03 v3.19a KOMA-Script package (handling toc-files)
)
Package tocbasic Info: omitting babel extension for `toc'
(tocbasic)             because of feature `nobabel' available
(tocbasic)             for `toc' on input line 125.
Package tocbasic Info: omitting babel extension for `lof'
(tocbasic)             because of feature `nobabel' available
(tocbasic)             for `lof' on input line 126.
Package tocbasic Info: omitting babel extension for `lot'
(tocbasic)             because of feature `nobabel' available
(tocbasic)             for `lot' on input line 127.
Package tocbasic Info: defining new hook before heading of `' on input line 158
4.
Package scrbook Info: You've used standard option `12pt'.
(scrbook)             This is correct!
(scrbook)             Internally I'm using `fontsize=12pt'.
(scrbook)             If you'd like to set the option with \KOMAoptions,
(scrbook)             you'd have to use `fontsize=12pt' there
(scrbook)             instead of `12pt', too.
Class scrbook Info: File `scrsize12pt.clo' used to setup font sizes on input li
ne 2251.

(C:\Users\mweiss\MikTex\tex\latex\koma-script.tds\tex\latex\koma-script\scrsize
12pt.clo
File: scrsize12pt.clo 2015/10/03 v3.19a KOMA-Script font size class option (12p
t)
)
(C:\Users\mweiss\MikTex\tex\latex\koma-script.tds\tex\latex\koma-script\typeare
a.sty
Package: typearea 2015/10/03 v3.19a KOMA-Script package (type area)

Package typearea, 2015/10/03 v3.19a KOMA-Script package (type area)
                  Copyright (C) Frank Neukam, 1992-1994
                  Copyright (C) Markus Kohm, 1994-

\ta@bcor=\skip41
\ta@div=\count79
\ta@hblk=\skip42
\ta@vblk=\skip43
\ta@temp=\skip44
\footheight=\skip45
Package typearea Info: These are the values describing the layout:
(typearea)             DIV  = 12
(typearea)             BCOR = 14.22636pt
(typearea)             \paperwidth      = 597.50793pt
(typearea)              \textwidth      = 437.46118pt
(typearea)              DIV departure   = -3%
(typearea)              \evensidemargin = 24.9436pt
(typearea)              \oddsidemargin  = -9.43683pt
(typearea)             \paperheight     = 845.04694pt
(typearea)              \textheight     = 635.5pt
(typearea)              \topmargin      = -41.72441pt
(typearea)              \headheight     = 18.125pt
(typearea)              \headsep        = 21.75pt
(typearea)              \topskip        = 12.0pt
(typearea)              \footskip       = 50.75pt
(typearea)              \baselineskip   = 14.5pt
(typearea)              on input line 1509.
)
\c@part=\count80
\c@chapter=\count81
\c@section=\count82
\c@subsection=\count83
\c@subsubsection=\count84
\c@paragraph=\count85
\c@subparagraph=\count86
LaTeX Info: Redefining \textsubscript on input line 4654.
\abovecaptionskip=\skip46
\belowcaptionskip=\skip47
\c@pti@nb@sid@b@x=\box26
\c@figure=\count87
\c@table=\count88
\bibindent=\dimen102
)
(C:\Users\mweiss\MikTex\tex\latex\koma-script.tds\tex\latex\koma-script\scrhack
.sty
Package: scrhack 2015/10/03 v3.19a KOMA-Script package 
) (C:\Users\mweiss\MikTex\localtexmf\tex\latex\floatrow.sty
Package: floatrow 2009/06/20 v0.3a floatrow: float package extension

(C:\Users\mweiss\MikTex\localtexmf\tex\latex\caption3.sty
Package: caption3 2016/02/04 v1.7-139 caption3 kernel (AR)
Package caption3 Info: TeX engine: e-TeX on input line 67.
\captionmargin=\dimen103
\captionmargin@=\dimen104
\captionwidth=\dimen105
\caption@tempdima=\dimen106
\caption@indent=\dimen107
\caption@parindent=\dimen108
\caption@hangindent=\dimen109
)
\c@float@type=\count89
\float@exts=\toks15
\float@box=\box27
\@floatcapt=\box28
Package floatrow Info: Modified float package code loaded on input line 475.
Package floatrow Info: Modified rotfloat package code loaded on input line 493.

\FR@everyfloat=\toks16
\flrow@foot=\insert199
\FB@wd=\dimen110
\FBo@wd=\dimen111
\FBc@wd=\dimen112
\FBo@ht=\skip48
\FBc@ht=\skip49
\FBf@ht=\skip50
\FBo@max=\skip51
\FBc@max=\skip52
\FBf@max=\skip53
\c@FBl@b=\count90
\floatbox@depth=\count91
\c@FRobj=\count92
\c@FRsobj=\count93
\Xhsize=\skip54
\sXhsize=\skip55
\Zhsize=\skip56
\sZhsize=\skip57
\flrow@rowbox=\box29
\FR@Zunitlength=\dimen113
\c@FBcnt=\count94
\FPOScnt=\count95
\LTleft=\skip58
\LTright=\skip59
\LTleft=\skip60
\LTright=\skip61
\flrow@types=\toks17
)
Package scrhack Info: loading floatrow hack on input line 72.

(C:\Users\mweiss\MikTex\tex\latex\koma-script.tds\tex\latex\koma-script\floatro
w.hak
File: floatrow.hak 2015/10/03 v3.19a KOMA-Script package (hacking package float
row)
Package scrhack Info: redefining \DeclareNewFloatType on input line 148.
Package scrhack Info: redefining \listof on input line 148.
Package scrhack Info: undefining \float@addtolists on input line 148.
) (C:\Users\mweiss\MikTex\tex\latex\geometry\geometry.sty
Package: geometry 2010/09/12 v5.6 Page Geometry

(C:\Users\mweiss\MikTex\tex\generic\oberdiek\ifpdf.sty
Package: ifpdf 2011/01/30 v2.3 Provides the ifpdf switch (HO)
Package ifpdf Info: pdfTeX in PDF mode is detected.
)
(C:\Users\mweiss\MikTex\tex\generic\oberdiek\ifvtex.sty
Package: ifvtex 2010/03/01 v1.5 Detect VTeX and its facilities (HO)
Package ifvtex Info: VTeX not detected.
)
(C:\Users\mweiss\MikTex\tex\generic\ifxetex\ifxetex.sty
Package: ifxetex 2010/09/12 v0.6 Provides ifxetex conditional
)
\Gm@cnth=\count96
\Gm@cntv=\count97
\c@Gm@tempcnt=\count98
\Gm@bindingoffset=\dimen114
\Gm@wd@mp=\dimen115
\Gm@odd@mp=\dimen116
\Gm@even@mp=\dimen117
\Gm@layoutwidth=\dimen118
\Gm@layoutheight=\dimen119
\Gm@layouthoffset=\dimen120
\Gm@layoutvoffset=\dimen121
\Gm@dimlist=\toks18

(C:\Users\mweiss\MikTex\tex\latex\geometry\geometry.cfg))
(C:\Users\mweiss\MikTex\tex\latex\koma-script.tds\tex\latex\koma-script\scrpage
2.sty
Package: scrpage2 2015/10/03 v3.19a KOMA-Script package (page head and foot)
LaTeX Info: Redefining \pagemark on input line 174.
) (C:\Users\mweiss\MikTex\tex\latex\base\fontenc.sty
Package: fontenc 2005/09/27 v1.99g Standard LaTeX package

(C:\Users\mweiss\MikTex\tex\latex\base\t1enc.def
File: t1enc.def 2005/09/27 v1.99g Standard LaTeX file
LaTeX Font Info:    Redeclaring font encoding T1 on input line 48.
))
(C:\Users\mweiss\MikTex\tex\latex\base\inputenc.sty
Package: inputenc 2015/03/17 v1.2c Input encoding file
\inpenc@prehook=\toks19
\inpenc@posthook=\toks20

(C:\Users\mweiss\MikTex\tex\latex\base\latin1.def
File: latin1.def 2015/03/17 v1.2c Input encoding file
))
(C:\Users\mweiss\MikTex\tex\latex\amsmath\amsmath.sty
Package: amsmath 2013/01/14 v2.14 AMS math features
\@mathmargin=\skip62

For additional information on amsmath, use the `?' option.
(C:\Users\mweiss\MikTex\tex\latex\amsmath\amstext.sty
Package: amstext 2000/06/29 v2.01

(C:\Users\mweiss\MikTex\tex\latex\amsmath\amsgen.sty
File: amsgen.sty 1999/11/30 v2.0
\@emptytoks=\toks21
\ex@=\dimen122
))
(C:\Users\mweiss\MikTex\tex\latex\amsmath\amsbsy.sty
Package: amsbsy 1999/11/29 v1.2d
\pmbraise@=\dimen123
)
(C:\Users\mweiss\MikTex\tex\latex\amsmath\amsopn.sty
Package: amsopn 1999/12/14 v2.01 operator names
)
\inf@bad=\count99
LaTeX Info: Redefining \frac on input line 210.
\uproot@=\count100
\leftroot@=\count101
LaTeX Info: Redefining \overline on input line 306.
\classnum@=\count102
\DOTSCASE@=\count103
LaTeX Info: Redefining \ldots on input line 378.
LaTeX Info: Redefining \dots on input line 381.
LaTeX Info: Redefining \cdots on input line 466.
\Mathstrutbox@=\box30
\strutbox@=\box31
\big@size=\dimen124
LaTeX Font Info:    Redeclaring font encoding OML on input line 566.
LaTeX Font Info:    Redeclaring font encoding OMS on input line 567.
\macc@depth=\count104
\c@MaxMatrixCols=\count105
\dotsspace@=\muskip10
\c@parentequation=\count106
\dspbrk@lvl=\count107
\tag@help=\toks22
\row@=\count108
\column@=\count109
\maxfields@=\count110
\andhelp@=\toks23
\eqnshift@=\dimen125
\alignsep@=\dimen126
\tagshift@=\dimen127
\tagwidth@=\dimen128
\totwidth@=\dimen129
\lineht@=\dimen130
\@envbody=\toks24
\multlinegap=\skip63
\multlinetaggap=\skip64
\mathdisplay@stack=\toks25
LaTeX Info: Redefining \[ on input line 2665.
LaTeX Info: Redefining \] on input line 2666.
)
(C:\Users\mweiss\MikTex\tex\latex\amsfonts\amsfonts.sty
Package: amsfonts 2013/01/14 v3.01 Basic AMSFonts support
\symAMSa=\mathgroup4
\symAMSb=\mathgroup5
LaTeX Font Info:    Overwriting math alphabet `\mathfrak' in version `bold'
(Font)                  U/euf/m/n --> U/euf/b/n on input line 106.
)
(C:\Users\mweiss\MikTex\tex\latex\graphics\graphicx.sty
Package: graphicx 2014/10/28 v1.0g Enhanced LaTeX Graphics (DPC,SPQR)

(C:\Users\mweiss\MikTex\tex\latex\graphics\graphics.sty
Package: graphics 2014/10/28 v1.0p Standard LaTeX Graphics (DPC,SPQR)

(C:\Users\mweiss\MikTex\tex\latex\graphics\trig.sty
Package: trig 1999/03/16 v1.09 sin cos tan (DPC)
)
(C:\Users\mweiss\MikTex\tex\latex\00miktex\graphics.cfg
File: graphics.cfg 2007/01/18 v1.5 graphics configuration of teTeX/TeXLive
)
Package graphics Info: Driver file: pdftex.def on input line 94.

(C:\Users\mweiss\MikTex\tex\latex\pdftex-def\pdftex.def
File: pdftex.def 2011/05/27 v0.06d Graphics/color for pdfTeX

(C:\Users\mweiss\MikTex\tex\generic\oberdiek\infwarerr.sty
Package: infwarerr 2010/04/08 v1.3 Providing info/warning/error messages (HO)
)
(C:\Users\mweiss\MikTex\tex\generic\oberdiek\ltxcmds.sty
Package: ltxcmds 2011/11/09 v1.22 LaTeX kernel commands for general use (HO)
)
\Gread@gobject=\count111
))
\Gin@req@height=\dimen131
\Gin@req@width=\dimen132
)
(C:\Users\mweiss\MikTex\tex\latex\psnfss\times.sty
Package: times 2005/04/12 PSNFSS-v9.2a (SPQR) 
)
(C:\Users\mweiss\MikTex\localtexmf\tex\latex\subfigure.sty
Package: subfigure 2002/03/15 v2.1.5 subfigure package
\subfigtopskip=\skip65
\subfigcapskip=\skip66
\subfigcaptopadj=\dimen133
\subfigbottomskip=\skip67
\subfigcapmargin=\dimen134
\subfiglabelskip=\skip68
\c@subfigure=\count112
\c@lofdepth=\count113
\c@subtable=\count114
\c@lotdepth=\count115
\subfig@top=\skip69
\subfig@bottom=\skip70
)
(C:\Users\mweiss\MikTex\localtexmf\tex\latex\natbib.sty
Package: natbib 2010/09/13 8.31b (PWD, AO)
\bibhang=\skip71
\bibsep=\skip72
LaTeX Info: Redefining \cite on input line 694.
\c@NAT@ctr=\count116
)
(C:\Users\mweiss\MikTex\tex\latex\multirow\multirow.sty
\bigstrutjot=\dimen135
)
(C:\Users\mweiss\MikTex\localtexmf\tex\latex\textpos.sty
Package: textpos 2014/01/03 v1.7j

Package: textpos 2014/01/03 1.7j, absolute positioning of text on the page
(C:\Users\mweiss\MikTex\localtexmf\tex\latex\everyshi.sty
Package: everyshi 2001/05/15 v3.00 EveryShipout Package (MS)
)
\TP@textbox=\box32
\TP@holdbox=\box33
\TPHorizModule=\dimen136
\TPVertModule=\dimen137
\TP@margin=\dimen138
\TP@absmargin=\dimen139

Grid set 16 x 16 = 37.34424pt x 52.81543pt
\TPboxrulesize=\dimen140
\TP@ox=\dimen141
\TP@oy=\dimen142
\TP@tbargs=\toks26
\TP@prevdepth=\dimen143
TextBlockOrigin set to 0pt x 0pt
) (C:\Users\mweiss\MikTex\localtexmf\tex\latex\tikz.sty
(C:\Users\mweiss\MikTex\localtexmf\tex\latex\pgf.sty
(C:\Users\mweiss\MikTex\localtexmf\tex\latex\pgfrcs.sty
(C:\Users\mweiss\MikTex\localtexmf\tex\latex\pgfutil-common.tex
\pgfutil@everybye=\toks27
\pgfutil@tempdima=\dimen144
\pgfutil@tempdimb=\dimen145

(C:\Users\mweiss\MikTex\localtexmf\tex\latex\pgfutil-common-lists.tex))
(C:\Users\mweiss\MikTex\localtexmf\tex\latex\pgfutil-latex.def
\pgfutil@abb=\box34
)
(C:\Users\mweiss\MikTex\localtexmf\tex\latex\pgfrcs.code.tex
Package: pgfrcs 2015/08/07 v3.0.1a (rcs-revision 1.31)
))
Package: pgf 2015/08/07 v3.0.1a (rcs-revision 1.15)

(C:\Users\mweiss\MikTex\localtexmf\tex\latex\pgfcore.sty
(C:\Users\mweiss\MikTex\localtexmf\tex\latex\pgfsys.sty
(C:\Users\mweiss\MikTex\localtexmf\tex\latex\pgfsys.code.tex
Package: pgfsys 2014/07/09 v3.0.1a (rcs-revision 1.48)

(C:\Users\mweiss\MikTex\localtexmf\tex\latex\pgfkeys.code.tex
\pgfkeys@pathtoks=\toks28
\pgfkeys@temptoks=\toks29

(C:\Users\mweiss\MikTex\localtexmf\tex\latex\pgfkeysfiltered.code.tex
\pgfkeys@tmptoks=\toks30
))
\pgf@x=\dimen146
\pgf@y=\dimen147
\pgf@xa=\dimen148
\pgf@ya=\dimen149
\pgf@xb=\dimen150
\pgf@yb=\dimen151
\pgf@xc=\dimen152
\pgf@yc=\dimen153
\w@pgf@writea=\write3
\r@pgf@reada=\read1
\c@pgf@counta=\count117
\c@pgf@countb=\count118
\c@pgf@countc=\count119
\c@pgf@countd=\count120
\t@pgf@toka=\toks31
\t@pgf@tokb=\toks32
\t@pgf@tokc=\toks33

(C:\Users\mweiss\MikTex\localtexmf\tex\latex\pgf.cfg
File: pgf.cfg 2008/05/14  (rcs-revision 1.7)
)
Driver file for pgf: pgfsys-pdftex.def

(C:\Users\mweiss\MikTex\localtexmf\tex\latex\pgfsys-pdftex.def
File: pgfsys-pdftex.def 2014/10/11  (rcs-revision 1.35)

(C:\Users\mweiss\MikTex\localtexmf\tex\latex\pgfsys-common-pdf.def
File: pgfsys-common-pdf.def 2013/10/10  (rcs-revision 1.13)
)))
(C:\Users\mweiss\MikTex\localtexmf\tex\latex\pgfsyssoftpath.code.tex
File: pgfsyssoftpath.code.tex 2013/09/09  (rcs-revision 1.9)
\pgfsyssoftpath@smallbuffer@items=\count121
\pgfsyssoftpath@bigbuffer@items=\count122
)
(C:\Users\mweiss\MikTex\localtexmf\tex\latex\pgfsysprotocol.code.tex
File: pgfsysprotocol.code.tex 2006/10/16  (rcs-revision 1.4)
))
(C:\Users\mweiss\MikTex\localtexmf\tex\latex\xcolor.sty
Package: xcolor 2007/01/21 v2.11 LaTeX color extensions (UK)

(C:\Users\mweiss\MikTex\tex\latex\00miktex\color.cfg
File: color.cfg 2007/01/18 v1.5 color configuration of teTeX/TeXLive
)
Package xcolor Info: Driver file: pdftex.def on input line 225.
Package xcolor Info: Model `cmy' substituted by `cmy0' on input line 1337.
Package xcolor Info: Model `hsb' substituted by `rgb' on input line 1341.
Package xcolor Info: Model `RGB' extended on input line 1353.
Package xcolor Info: Model `HTML' substituted by `rgb' on input line 1355.
Package xcolor Info: Model `Hsb' substituted by `hsb' on input line 1356.
Package xcolor Info: Model `tHsb' substituted by `hsb' on input line 1357.
Package xcolor Info: Model `HSB' substituted by `hsb' on input line 1358.
Package xcolor Info: Model `Gray' substituted by `gray' on input line 1359.
Package xcolor Info: Model `wave' substituted by `hsb' on input line 1360.
)
(C:\Users\mweiss\MikTex\localtexmf\tex\latex\pgfcore.code.tex
Package: pgfcore 2010/04/11 v3.0.1a (rcs-revision 1.7)

(C:\Users\mweiss\MikTex\localtexmf\tex\latex\pgfmath.code.tex
(C:\Users\mweiss\MikTex\localtexmf\tex\latex\pgfmathcalc.code.tex
(C:\Users\mweiss\MikTex\localtexmf\tex\latex\pgfmathutil.code.tex)
(C:\Users\mweiss\MikTex\localtexmf\tex\latex\pgfmathparser.code.tex
\pgfmath@dimen=\dimen154
\pgfmath@count=\count123
\pgfmath@box=\box35
\pgfmath@toks=\toks34
\pgfmath@stack@operand=\toks35
\pgfmath@stack@operation=\toks36
)
(C:\Users\mweiss\MikTex\localtexmf\tex\latex\pgfmathfunctions.code.tex
(C:\Users\mweiss\MikTex\localtexmf\tex\latex\pgfmathfunctions.basic.code.tex)
(C:\Users\mweiss\MikTex\localtexmf\tex\latex\pgfmathfunctions.trigonometric.cod
e.tex)
(C:\Users\mweiss\MikTex\localtexmf\tex\latex\pgfmathfunctions.random.code.tex)
(C:\Users\mweiss\MikTex\localtexmf\tex\latex\pgfmathfunctions.comparison.code.t
ex) (C:\Users\mweiss\MikTex\localtexmf\tex\latex\pgfmathfunctions.base.code.tex
) (C:\Users\mweiss\MikTex\localtexmf\tex\latex\pgfmathfunctions.round.code.tex)
(C:\Users\mweiss\MikTex\localtexmf\tex\latex\pgfmathfunctions.misc.code.tex)
(C:\Users\mweiss\MikTex\localtexmf\tex\latex\pgfmathfunctions.integerarithmetic
s.code.tex)))
(C:\Users\mweiss\MikTex\localtexmf\tex\latex\pgfmathfloat.code.tex
\c@pgfmathroundto@lastzeros=\count124
))
(C:\Users\mweiss\MikTex\localtexmf\tex\latex\pgfcorepoints.code.tex
File: pgfcorepoints.code.tex 2013/10/07  (rcs-revision 1.27)
\pgf@picminx=\dimen155
\pgf@picmaxx=\dimen156
\pgf@picminy=\dimen157
\pgf@picmaxy=\dimen158
\pgf@pathminx=\dimen159
\pgf@pathmaxx=\dimen160
\pgf@pathminy=\dimen161
\pgf@pathmaxy=\dimen162
\pgf@xx=\dimen163
\pgf@xy=\dimen164
\pgf@yx=\dimen165
\pgf@yy=\dimen166
\pgf@zx=\dimen167
\pgf@zy=\dimen168
)
(C:\Users\mweiss\MikTex\localtexmf\tex\latex\pgfcorepathconstruct.code.tex
File: pgfcorepathconstruct.code.tex 2013/10/07  (rcs-revision 1.29)
\pgf@path@lastx=\dimen169
\pgf@path@lasty=\dimen170
)
(C:\Users\mweiss\MikTex\localtexmf\tex\latex\pgfcorepathusage.code.tex
File: pgfcorepathusage.code.tex 2014/11/02  (rcs-revision 1.24)
\pgf@shorten@end@additional=\dimen171
\pgf@shorten@start@additional=\dimen172
)
(C:\Users\mweiss\MikTex\localtexmf\tex\latex\pgfcorescopes.code.tex
File: pgfcorescopes.code.tex 2015/05/08  (rcs-revision 1.46)
\pgfpic=\box36
\pgf@hbox=\box37
\pgf@layerbox@main=\box38
\pgf@picture@serial@count=\count125
)
(C:\Users\mweiss\MikTex\localtexmf\tex\latex\pgfcoregraphicstate.code.tex
File: pgfcoregraphicstate.code.tex 2014/11/02  (rcs-revision 1.12)
\pgflinewidth=\dimen173
)
(C:\Users\mweiss\MikTex\localtexmf\tex\latex\pgfcoretransformations.code.tex
File: pgfcoretransformations.code.tex 2015/08/07  (rcs-revision 1.20)
\pgf@pt@x=\dimen174
\pgf@pt@y=\dimen175
\pgf@pt@temp=\dimen176
)
(C:\Users\mweiss\MikTex\localtexmf\tex\latex\pgfcorequick.code.tex
File: pgfcorequick.code.tex 2008/10/09  (rcs-revision 1.3)
)
(C:\Users\mweiss\MikTex\localtexmf\tex\latex\pgfcoreobjects.code.tex
File: pgfcoreobjects.code.tex 2006/10/11  (rcs-revision 1.2)
)
(C:\Users\mweiss\MikTex\localtexmf\tex\latex\pgfcorepathprocessing.code.tex
File: pgfcorepathprocessing.code.tex 2013/09/09  (rcs-revision 1.9)
)
(C:\Users\mweiss\MikTex\localtexmf\tex\latex\pgfcorearrows.code.tex
File: pgfcorearrows.code.tex 2015/05/14  (rcs-revision 1.43)
\pgfarrowsep=\dimen177
)
(C:\Users\mweiss\MikTex\localtexmf\tex\latex\pgfcoreshade.code.tex
File: pgfcoreshade.code.tex 2013/07/15  (rcs-revision 1.15)
\pgf@max=\dimen178
\pgf@sys@shading@range@num=\count126
)
(C:\Users\mweiss\MikTex\localtexmf\tex\latex\pgfcoreimage.code.tex
File: pgfcoreimage.code.tex 2013/07/15  (rcs-revision 1.18)

(C:\Users\mweiss\MikTex\localtexmf\tex\latex\pgfcoreexternal.code.tex
File: pgfcoreexternal.code.tex 2014/07/09  (rcs-revision 1.21)
\pgfexternal@startupbox=\box39
))
(C:\Users\mweiss\MikTex\localtexmf\tex\latex\pgfcorelayers.code.tex
File: pgfcorelayers.code.tex 2013/07/18  (rcs-revision 1.7)
)
(C:\Users\mweiss\MikTex\localtexmf\tex\latex\pgfcoretransparency.code.tex
File: pgfcoretransparency.code.tex 2013/09/30  (rcs-revision 1.5)
)
(C:\Users\mweiss\MikTex\localtexmf\tex\latex\pgfcorepatterns.code.tex
File: pgfcorepatterns.code.tex 2013/11/07  (rcs-revision 1.5)
)))
(C:\Users\mweiss\MikTex\localtexmf\tex\latex\pgfmoduleshapes.code.tex
File: pgfmoduleshapes.code.tex 2014/03/21  (rcs-revision 1.35)
\pgfnodeparttextbox=\box40
)
(C:\Users\mweiss\MikTex\localtexmf\tex\latex\pgfmoduleplot.code.tex
File: pgfmoduleplot.code.tex 2015/08/03  (rcs-revision 1.13)
)
(C:\Users\mweiss\MikTex\localtexmf\tex\latex\pgfcomp-version-0-65.sty
Package: pgfcomp-version-0-65 2007/07/03 v3.0.1a (rcs-revision 1.7)
\pgf@nodesepstart=\dimen179
\pgf@nodesepend=\dimen180
)
(C:\Users\mweiss\MikTex\localtexmf\tex\latex\pgfcomp-version-1-18.sty
Package: pgfcomp-version-1-18 2007/07/23 v3.0.1a (rcs-revision 1.1)
))
(C:\Users\mweiss\MikTex\localtexmf\tex\latex\pgffor.sty
(C:\Users\mweiss\MikTex\localtexmf\tex\latex\pgfkeys.sty
(C:\Users\mweiss\MikTex\localtexmf\tex\latex\pgfkeys.code.tex))
(C:\Users\mweiss\MikTex\localtexmf\tex\latex\pgfmath.sty
(C:\Users\mweiss\MikTex\localtexmf\tex\latex\pgfmath.code.tex))
(C:\Users\mweiss\MikTex\localtexmf\tex\latex\pgffor.code.tex
Package: pgffor 2013/12/13 v3.0.1a (rcs-revision 1.25)

(C:\Users\mweiss\MikTex\localtexmf\tex\latex\pgfmath.code.tex)
\pgffor@iter=\dimen181
\pgffor@skip=\dimen182
\pgffor@stack=\toks37
\pgffor@toks=\toks38
))
(C:\Users\mweiss\MikTex\localtexmf\tex\latex\tikz.code.tex
Package: tikz 2015/08/07 v3.0.1a (rcs-revision 1.151)

(C:\Users\mweiss\MikTex\localtexmf\tex\latex\pgflibraryplothandlers.code.tex
File: pgflibraryplothandlers.code.tex 2013/08/31 v3.0.1a (rcs-revision 1.20)
\pgf@plot@mark@count=\count127
\pgfplotmarksize=\dimen183
)
\tikz@lastx=\dimen184
\tikz@lasty=\dimen185
\tikz@lastxsaved=\dimen186
\tikz@lastysaved=\dimen187
\tikzleveldistance=\dimen188
\tikzsiblingdistance=\dimen189
\tikz@figbox=\box41
\tikz@figbox@bg=\box42
\tikz@tempbox=\box43
\tikz@tempbox@bg=\box44
\tikztreelevel=\count128
\tikznumberofchildren=\count129
\tikznumberofcurrentchild=\count130
\tikz@fig@count=\count131

(C:\Users\mweiss\MikTex\localtexmf\tex\latex\pgfmodulematrix.code.tex
File: pgfmodulematrix.code.tex 2013/09/17  (rcs-revision 1.8)
\pgfmatrixcurrentrow=\count132
\pgfmatrixcurrentcolumn=\count133
\pgf@matrix@numberofcolumns=\count134
)
\tikz@expandcount=\count135

(C:\Users\mweiss\MikTex\localtexmf\tex\latex\tikzlibrarytopaths.code.tex
File: tikzlibrarytopaths.code.tex 2008/06/17 v3.0.1a (rcs-revision 1.2)
))))
(C:\Users\mweiss\MikTex\localtexmf\tex\latex\tocbibind.sty
Package: tocbibind 2010/10/13 v1.5k extra ToC listings
Package tocbibind Info: The document has chapter divisions on input line 50.


Package tocbibind Note: Using chapter style headings, unless overridden.

) (C:\Users\mweiss\MikTex\localtexmf\tex\latex\microtype.sty
Package: microtype 2013/05/23 v2.5a Micro-typographical refinements (RS)
\MT@toks=\toks39
\MT@count=\count136
LaTeX Info: Redefining \textls on input line 766.
\MT@outer@kern=\dimen190
LaTeX Info: Redefining \textmicrotypecontext on input line 1285.
\MT@listname@count=\count137

(C:\Users\mweiss\MikTex\localtexmf\tex\latex\microtype-pdftex.def
File: microtype-pdftex.def 2013/05/23 v2.5a Definitions specific to pdftex (RS)

LaTeX Info: Redefining \lsstyle on input line 915.
LaTeX Info: Redefining \lslig on input line 915.
\MT@outer@space=\skip73
)

Package microtype Warning: Could not find configuration file `microtype.cfg'!
(microtype)                This will almost certainly cause undesired results.
(microtype)                Please fix your installation.

) (C:\Users\mweiss\MikTex\localtexmf\tex\latex\booktabs.sty
Package: booktabs 2005/04/14 v1.61803 publication quality tables
\heavyrulewidth=\dimen191
\lightrulewidth=\dimen192
\cmidrulewidth=\dimen193
\belowrulesep=\dimen194
\belowbottomsep=\dimen195
\aboverulesep=\dimen196
\abovetopsep=\dimen197
\cmidrulesep=\dimen198
\cmidrulekern=\dimen256
\defaultaddspace=\dimen257
\@cmidla=\count138
\@cmidlb=\count139
\@aboverulesep=\dimen258
\@belowrulesep=\dimen259
\@thisruleclass=\count140
\@lastruleclass=\count141
\@thisrulewidth=\dimen260
)
(C:\Users\mweiss\MikTex\tex\latex\tools\tabularx.sty
Package: tabularx 2014/10/28 v2.10 `tabularx' package (DPC)

(C:\Users\mweiss\MikTex\tex\latex\tools\array.sty
Package: array 2014/10/28 v2.4c Tabular extension package (FMi)
\col@sep=\dimen261
\extrarowheight=\dimen262
\NC@list=\toks40
\extratabsurround=\skip74
\backup@length=\skip75
)
\TX@col@width=\dimen263
\TX@old@table=\dimen264
\TX@old@col=\dimen265
\TX@target=\dimen266
\TX@delta=\dimen267
\TX@cols=\count142
\TX@ftn=\toks41
)
(C:\Users\mweiss\MikTex\localtexmf\tex\latex\romannum.sty
Package: romannum 2009/09/03 v1.0b roman numerals

(C:\Users\mweiss\MikTex\localtexmf\tex\latex\stdclsdv.sty
Package: stdclsdv 2009/09/04 v1.1a Sectional divisions
))
(C:\Users\mweiss\MikTex\tex\latex\amsfonts\amssymb.sty
Package: amssymb 2013/01/14 v3.01 AMS font symbols
)
(C:\Users\mweiss\MikTex\localtexmf\tex\latex\siunitx.sty
(C:\Users\mweiss\MikTex\localtexmf\tex\latex\expl3.sty
Package: expl3 2016/01/19 v6377 L3 programming layer (loader) 

(C:\Users\mweiss\MikTex\localtexmf\tex\latex\expl3-code.tex
Package: expl3 2016/01/19 v6377 L3 programming layer (code)
L3 Module: l3bootstrap 2016/01/01 v6339 L3 Bootstrap code
L3 Module: l3names 2015/12/21 v6328 L3 Namespace for primitives
L3 Module: l3basics 2015/11/22 v6315 L3 Basic definitions
L3 Module: l3expan 2015/09/10 v5983 L3 Argument expansion
L3 Module: l3tl 2015/09/29 v6121 L3 Token lists
L3 Module: l3str 2016/01/03 v6357 L3 Strings
L3 Module: l3seq 2015/08/05 v5777 L3 Sequences and stacks
L3 Module: l3int 2016/01/05 v6366 L3 Integers
\c_max_int=\count143
\l_tmpa_int=\count144
\l_tmpb_int=\count145
\g_tmpa_int=\count146
\g_tmpb_int=\count147
L3 Module: l3quark 2015/08/17 v5855 L3 Quarks
L3 Module: l3prg 2015/11/01 v6216 L3 Control structures
\g__prg_map_int=\count148
L3 Module: l3clist 2015/09/02 v5901 L3 Comma separated lists
L3 Module: l3token 2015/11/11 v6249 L3 Experimental token manipulation
L3 Module: l3prop 2016/01/05 v6366 L3 Property lists
L3 Module: l3msg 2015/09/28 v6113 L3 Messages
L3 Module: l3file 2015/12/03 v6317 L3 File and I/O operations
\l_iow_line_count_int=\count149
\l__iow_target_count_int=\count150
\l__iow_current_line_int=\count151
\l__iow_current_word_int=\count152
\l__iow_current_indentation_int=\count153
L3 Module: l3skip 2016/01/05 v6366 L3 Dimensions and skips
\c_zero_dim=\dimen268
\c_max_dim=\dimen269
\l_tmpa_dim=\dimen270
\l_tmpb_dim=\dimen271
\g_tmpa_dim=\dimen272
\g_tmpb_dim=\dimen273
\c_zero_skip=\skip76
\c_max_skip=\skip77
\l_tmpa_skip=\skip78
\l_tmpb_skip=\skip79
\g_tmpa_skip=\skip80
\g_tmpb_skip=\skip81
\c_zero_muskip=\muskip11
\c_max_muskip=\muskip12
\l_tmpa_muskip=\muskip13
\l_tmpb_muskip=\muskip14
\g_tmpa_muskip=\muskip15
\g_tmpb_muskip=\muskip16
L3 Module: l3keys 2015/11/17 v6284 L3 Key-value interfaces
\g__keyval_level_int=\count154
\l_keys_choice_int=\count155
L3 Module: l3fp 2015/08/25 v5890 L3 Floating points
\c__fp_leading_shift_int=\count156
\c__fp_middle_shift_int=\count157
\c__fp_trailing_shift_int=\count158
\c__fp_big_leading_shift_int=\count159
\c__fp_big_middle_shift_int=\count160
\c__fp_big_trailing_shift_int=\count161
\c__fp_Bigg_leading_shift_int=\count162
\c__fp_Bigg_middle_shift_int=\count163
\c__fp_Bigg_trailing_shift_int=\count164
L3 Module: l3box 2015/08/09 v5822 L3 Experimental boxes
\c_empty_box=\box45
\l_tmpa_box=\box46
\l_tmpb_box=\box47
\g_tmpa_box=\box48
\g_tmpb_box=\box49
L3 Module: l3coffins 2015/08/06 v5789 L3 Coffin code layer
\l__coffin_internal_box=\box50
\l__coffin_internal_dim=\dimen274
\l__coffin_offset_x_dim=\dimen275
\l__coffin_offset_y_dim=\dimen276
\l__coffin_x_dim=\dimen277
\l__coffin_y_dim=\dimen278
\l__coffin_x_prime_dim=\dimen279
\l__coffin_y_prime_dim=\dimen280
\c_empty_coffin=\box51
\l__coffin_aligned_coffin=\box52
\l__coffin_aligned_internal_coffin=\box53
\l_tmpa_coffin=\box54
\l_tmpb_coffin=\box55
\l__coffin_display_coffin=\box56
\l__coffin_display_coord_coffin=\box57
\l__coffin_display_pole_coffin=\box58
\l__coffin_display_offset_dim=\dimen281
\l__coffin_display_x_dim=\dimen282
\l__coffin_display_y_dim=\dimen283
L3 Module: l3color 2014/08/23 v5354 L3 Experimental color support
L3 Module: l3sys 2015/09/25 v6087 L3 Experimental system/runtime functions
L3 Module: l3candidates 2016/01/14 v6376 L3 Experimental additions to l3kernel
\l__box_top_dim=\dimen284
\l__box_bottom_dim=\dimen285
\l__box_left_dim=\dimen286
\l__box_right_dim=\dimen287
\l__box_top_new_dim=\dimen288
\l__box_bottom_new_dim=\dimen289
\l__box_left_new_dim=\dimen290
\l__box_right_new_dim=\dimen291
\l__box_internal_box=\box59
\l__coffin_bounding_shift_dim=\dimen292
\l__coffin_left_corner_dim=\dimen293
\l__coffin_right_corner_dim=\dimen294
\l__coffin_bottom_corner_dim=\dimen295
\l__coffin_top_corner_dim=\dimen296
\l__coffin_scaled_total_height_dim=\dimen297
\l__coffin_scaled_width_dim=\dimen298
L3 Module: l3luatex 2015/11/11 v6250 L3 Experimental LuaTeX-specific functions
)
(C:\Users\mweiss\MikTex\localtexmf\tex\latex\l3pdfmode.def
File: l3pdfmode.def 2015/11/11 v6250 L3 Experimental driver: PDF mode
\l__driver_color_stack_int=\count165
))
(C:\Users\mweiss\MikTex\localtexmf\tex\latex\xparse.sty
Package: xparse 2016/01/19 v6377 L3 Experimental document command parser
\l__xparse_current_arg_int=\count166
\l__xparse_m_args_int=\count167
\l__xparse_mandatory_args_int=\count168
\l__xparse_processor_int=\count169
\l__xparse_v_nesting_int=\count170
)
Package: siunitx 2015/10/15 v2.6m A comprehensive (SI) units package

(C:\Users\mweiss\MikTex\localtexmf\tex\latex\l3keys2e.sty
Package: l3keys2e 2016/01/19 v6377 LaTeX2e option processing using LaTeX3 keys
)
\l__siunitx_tmp_box=\box60
\l__siunitx_tmp_dim=\dimen299
\l__siunitx_tmp_int=\count171
\l__siunitx_number_mantissa_length_int=\count172
\l__siunitx_number_uncert_length_int=\count173
\l__siunitx_round_int=\count174
\l__siunitx_process_decimal_int=\count175
\l__siunitx_process_uncertainty_int=\count176
\l__siunitx_process_fixed_int=\count177
\l__siunitx_process_integer_min_int=\count178
\l__siunitx_process_precision_int=\count179
\l__siunitx_group_min_int=\count180
\l__siunitx_angle_marker_box=\box61
\l__siunitx_angle_unit_box=\box62
\l__siunitx_angle_marker_dim=\dimen300
\l__siunitx_angle_unit_dim=\dimen301
\l__siunitx_unit_int=\count181
\l__siunitx_unit_denominator_int=\count182
\l__siunitx_unit_numerator_int=\count183
\l__siunitx_unit_prefix_int=\count184
\l__siunitx_unit_prefix_base_int=\count185
\l__siunitx_unit_prefix_gram_int=\count186
\l__siunitx_number_product_int=\count187
\c__siunitx_one_fill_skip=\skip82
\l__siunitx_table_unit_align_skip=\skip83
\l__siunitx_table_exponent_dim=\dimen302
\l__siunitx_table_integer_dim=\dimen303
\l__siunitx_table_mantissa_dim=\dimen304
\l__siunitx_table_marker_dim=\dimen305
\l__siunitx_table_result_dim=\dimen306
\l__siunitx_table_uncert_dim=\dimen307
\l__siunitx_table_fill_pre_dim=\dimen308
\l__siunitx_table_fill_post_dim=\dimen309
\l__siunitx_table_fill_mid_dim=\dimen310
\l__siunitx_table_pre_box=\box63
\l__siunitx_table_post_box=\box64
\l__siunitx_table_mantissa_box=\box65
\l__siunitx_table_result_box=\box66
\l__siunitx_table_number_align_skip=\skip84
\l__siunitx_table_text_align_skip=\skip85
.................................................
. LaTeX info: "xparse/define-command"
. 
. Defining command \DeclareBinaryPrefix with sig. 'mmm' on line 7209.
.................................................
.................................................
. LaTeX info: "xparse/define-command"
. 
. Defining command \DeclareSIPostPower with sig. 'mm' on line 7212.
.................................................
.................................................
. LaTeX info: "xparse/define-command"
. 
. Defining command \DeclareSIPrefix with sig. 'mmm' on line 7215.
.................................................
.................................................
. LaTeX info: "xparse/define-command"
. 
. Defining command \DeclareSIPrePower with sig. 'mm' on line 7218.
.................................................
.................................................
. LaTeX info: "xparse/define-command"
. 
. Defining command \DeclareSIQualifier with sig. 'mm' on line 7221.
.................................................
.................................................
. LaTeX info: "xparse/define-command"
. 
. Defining command \DeclareSIUnit with sig. 'O{}mm' on line 7224.
.................................................
.................................................
. LaTeX info: "xparse/define-command"
. 
. Defining command \DeclareSIUnitWithOptions with sig. 'mmm' on line 7227.
.................................................
.................................................
. LaTeX info: "xparse/define-command"
. 
. Defining command \ang with sig. 'o>{\SplitArgument {2}{;}}m' on line 7242.
.................................................
.................................................
. LaTeX info: "xparse/define-command"
. 
. Defining command \num with sig. 'om' on line 7250.
.................................................
.................................................
. LaTeX info: "xparse/define-command"
. 
. Defining command \numlist with sig. 'o>{\SplitList {;}}m' on line 7258.
.................................................
.................................................
. LaTeX info: "xparse/define-command"
. 
. Defining command \numrange with sig. 'omm' on line 7266.
.................................................
.................................................
. LaTeX info: "xparse/define-command"
. 
. Defining command \SIlist with sig. 'o>{\SplitList {;}}mm' on line 7277.
.................................................
.................................................
. LaTeX info: "xparse/define-command"
. 
. Defining command \SIrange with sig. 'ommm' on line 7288.
.................................................
.................................................
. LaTeX info: "xparse/define-command"
. 
. Defining command \SI with sig. 'omom' on line 7299.
.................................................
.................................................
. LaTeX info: "xparse/define-command"
. 
. Defining command \sisetup with sig. 'm' on line 7302.
.................................................
.................................................
. LaTeX info: "xparse/define-command"
. 
. Defining command \tablenum with sig. 'om' on line 7314.
.................................................
.................................................
. LaTeX info: "xparse/define-command"
. 
. Defining command \si with sig. 'om' on line 7325.
.................................................
.................................................
. LaTeX info: "xparse/define-command"
. 
. Defining command \__siunitx_bookmark_num:w with sig. 'om' on line 7372.
.................................................
.................................................
. LaTeX info: "xparse/define-command"
. 
. Defining command \__siunitx_bookmark_numrange:w with sig. 'omm' on line
. 7374.
.................................................
.................................................
. LaTeX info: "xparse/define-command"
. 
. Defining command \__siunitx_bookmark_SI:w with sig. 'omom' on line 7376.
.................................................
.................................................
. LaTeX info: "xparse/define-command"
. 
. Defining command \__siunitx_bookmark_SIlist:w with sig. 'omm' on line 7378.
.................................................
.................................................
. LaTeX info: "xparse/define-command"
. 
. Defining command \__siunitx_bookmark_SIrange:w with sig. 'ommm' on line
. 7380.
.................................................
.................................................
. LaTeX info: "xparse/define-command"
. 
. Defining command \__siunitx_bookmark_si:w with sig. 'om' on line 7381.
.................................................
\g__file_internal_ior=\read2
)
(C:\Users\mweiss\MikTex\tex\latex\oberdiek\epstopdf.sty
Package: epstopdf 2010/02/09 v2.5 Conversion with epstopdf on the fly (HO)

(C:\Users\mweiss\MikTex\tex\latex\oberdiek\epstopdf-base.sty
Package: epstopdf-base 2010/02/09 v2.5 Base part for package epstopdf

(C:\Users\mweiss\MikTex\tex\latex\oberdiek\grfext.sty
Package: grfext 2010/08/19 v1.1 Manage graphics extensions (HO)

(C:\Users\mweiss\MikTex\tex\generic\oberdiek\kvdefinekeys.sty
Package: kvdefinekeys 2011/04/07 v1.3 Define keys (HO)
))
(C:\Users\mweiss\MikTex\tex\latex\oberdiek\kvoptions.sty
Package: kvoptions 2011/06/30 v3.11 Key value format for package options (HO)

(C:\Users\mweiss\MikTex\tex\generic\oberdiek\kvsetkeys.sty
Package: kvsetkeys 2012/04/25 v1.16 Key value parser (HO)

(C:\Users\mweiss\MikTex\tex\generic\oberdiek\etexcmds.sty
Package: etexcmds 2011/02/16 v1.5 Avoid name clashes with e-TeX commands (HO)

(C:\Users\mweiss\MikTex\tex\generic\oberdiek\ifluatex.sty
Package: ifluatex 2010/03/01 v1.3 Provides the ifluatex switch (HO)
Package ifluatex Info: LuaTeX not detected.
)
Package etexcmds Info: Could not find \expanded.
(etexcmds)             That can mean that you are not using pdfTeX 1.50 or
(etexcmds)             that some package has redefined \expanded.
(etexcmds)             In the latter case, load this package earlier.
)))
(C:\Users\mweiss\MikTex\tex\generic\oberdiek\pdftexcmds.sty
Package: pdftexcmds 2011/11/29 v0.20 Utility functions of pdfTeX for LuaTeX (HO
)
Package pdftexcmds Info: LuaTeX not detected.
Package pdftexcmds Info: \pdf@primitive is available.
Package pdftexcmds Info: \pdf@ifprimitive is available.
Package pdftexcmds Info: \pdfdraftmode found.
)
Package grfext Info: Graphics extension search list:
(grfext)             [.png,.pdf,.jpg,.mps,.jpeg,.jbig2,.jb2,.PNG,.PDF,.JPG,.JPE
G,.JBIG2,.JB2,.eps]
(grfext)             \AppendGraphicsExtensions on input line 452.
))
(C:\Users\mweiss\MikTex\localtexmf\tex\latex\caption.sty
Package: caption 2016/02/21 v3.3-144 Customizing captions (AR)
Package caption Info: KOMA-Script document class.
\c@ContinuedFloat=\count188
Package caption Info: float package is loaded.
Package caption Info: floatrow package is loaded.
Package caption Info: subfigure package is loaded.
)
(C:\Users\mweiss\MikTex\localtexmf\tex\latex\overpic.sty
Package: overpic 2010/09/13 v0.53  Overwriting graphics

Package: overpic v0.53 <2010/09/13> (RN)
(C:\Users\mweiss\MikTex\localtexmf\tex\latex\epic.sty
Enhancements to Picture Environment. Version 1.2 - Released June 1, 1986
\@@multicnt=\count189
\d@lta=\count190
\@delta=\dimen311
\@@delta=\dimen312
\@gridcnt=\count191
\@joinkind=\count192
\@dotgap=\dimen313
\@ddotgap=\dimen314
\@x@diff=\count193
\@y@diff=\count194
\x@diff=\dimen315
\y@diff=\dimen316
\@dotbox=\box67
\num@segments=\count195
\num@segmentsi=\count196
\@datafile=\read3
)
overpic: relative positioning in percent
) (C:\Users\mweiss\MikTex\localtexmf\tex\latex\appendix.sty
Package: appendix 2009/09/02 v1.2b extra appendix facilities
\c@@pps=\count197
\c@@ppsavesec=\count198
\c@@ppsaveapp=\count266
)
(C:\Users\mweiss\MikTex\localtexmf\tex\latex\glossaries.sty
Package: glossaries 2016/01/24 v4.21 (NLCT)

(C:\Users\mweiss\MikTex\tex\latex\base\ifthen.sty
Package: ifthen 2014/09/29 v1.1c Standard LaTeX ifthen package (DPC)
)
(C:\Users\mweiss\MikTex\tex\latex\xkeyval\xkeyval.sty
Package: xkeyval 2014/12/03 v2.7a package option processing (HA)

(C:\Users\mweiss\MikTex\tex\generic\xkeyval\xkeyval.tex
(C:\Users\mweiss\MikTex\tex\generic\xkeyval\xkvutils.tex
\XKV@toks=\toks42
\XKV@tempa@toks=\toks43
)
\XKV@depth=\count267
File: xkeyval.tex 2014/12/03 v2.7a key=value parser (HA)
))
(C:\Users\mweiss\MikTex\localtexmf\tex\latex\mfirstuc.sty
Package: mfirstuc 2015/12/17 v2.02 (NLCT)

(C:\Users\mweiss\MikTex\localtexmf\tex\latex\etoolbox.sty
Package: etoolbox 2015/08/02 v2.2a e-TeX tools for LaTeX (JAW)
\etb@tempcnta=\count268
)
\@glsmfirst=\toks44
\@glsmrest=\toks45
)
(C:\Users\mweiss\MikTex\localtexmf\tex\latex\textcase.sty
Package: textcase 2004/10/07 v0.07 Text only upper/lower case changing (DPC)
)
(C:\Users\mweiss\MikTex\localtexmf\tex\latex\xfor.sty
Package: xfor 2009/02/05 v1.05 (NLCT)
)
(C:\Users\mweiss\MikTex\localtexmf\tex\latex\datatool-base.sty
Package: datatool-base 2016/01/18 v2.25 (NLCT)

(C:\Users\mweiss\MikTex\localtexmf\tex\latex\substr.sty
Package: substr 2009/10/20 v1.2 Handle substrings
\c@su@anzahl=\count269
)
(C:\Users\mweiss\MikTex\localtexmf\tex\latex\datatool-fp.sty
Package: datatool-fp 2016/01/18 v2.25 (NLCT)

(C:\Users\mweiss\MikTex\localtexmf\tex\latex\fp.sty
Package: fp 1995/04/02

`Fixed Point Package', Version 0.8, April 2, 1995 (C) Michael Mehlich
(C:\Users\mweiss\MikTex\localtexmf\tex\latex\defpattern.sty
Package: defpattern 1994/10/12
\actioncount=\count270
)
(C:\Users\mweiss\MikTex\localtexmf\tex\latex\fp-basic.sty
Package: fp-basic 1996/05/13
\FP@xs=\count271
\FP@xia=\count272
\FP@xib=\count273
\FP@xfa=\count274
\FP@xfb=\count275
\FP@rega=\count276
\FP@regb=\count277
\FP@regs=\count278
\FP@times=\count279
)
(C:\Users\mweiss\MikTex\localtexmf\tex\latex\fp-addons.sty
Package: fp-addons 1995/03/15
)
(C:\Users\mweiss\MikTex\localtexmf\tex\latex\fp-snap.sty
Package: fp-snap 1995/04/05
)
(C:\Users\mweiss\MikTex\localtexmf\tex\latex\fp-exp.sty
Package: fp-exp 1995/04/03
)
(C:\Users\mweiss\MikTex\localtexmf\tex\latex\fp-trigo.sty
Package: fp-trigo 1995/04/14
)
(C:\Users\mweiss\MikTex\localtexmf\tex\latex\fp-pas.sty
Package: fp-pas 1994/08/29
)
(C:\Users\mweiss\MikTex\localtexmf\tex\latex\fp-random.sty
Package: fp-random 1995/02/23
\FPseed=\count280
)
(C:\Users\mweiss\MikTex\localtexmf\tex\latex\fp-eqn.sty
Package: fp-eqn 1995/04/03
)
(C:\Users\mweiss\MikTex\localtexmf\tex\latex\fp-upn.sty
Package: fp-upn 1996/10/21
)
(C:\Users\mweiss\MikTex\localtexmf\tex\latex\fp-eval.sty
Package: fp-eval 1995/04/03
)))
\@dtl@toks=\toks46
\@dtl@tmpcount=\count281
\dtl@tmplength=\skip86
\dtl@sortresult=\count282
\@dtl@numgrpsepcount=\count283
\@dtl@datatype=\count284
\dtl@codeA=\count285
\dtl@codeB=\count286
\@dtl@foreach@level=\count287
)
(C:\Users\mweiss\MikTex\localtexmf\tex\latex\glossaries-compatible-307.sty
Package: glossaries-compatible-307 2016/01/24 v4.21 (NLCT)
)
\gls@level=\count288
\@gls@tmpb=\toks47
\gls@tmplen=\skip87
\glskeylisttok=\toks48
\glslabeltok=\toks49
\glsshorttok=\toks50
\glslongtok=\toks51

(C:\Users\mweiss\MikTex\localtexmf\tex\latex\glossary-hypernav.sty
Package: glossary-hypernav 2016/01/24 v4.21 (NLCT)
)
(C:\Users\mweiss\MikTex\localtexmf\tex\latex\glossary-list.sty
Package: glossary-list 2016/01/24 v4.21 (NLCT)
\glslistdottedwidth=\skip88
)
(C:\Users\mweiss\MikTex\localtexmf\tex\latex\glossary-long.sty
Package: glossary-long 2016/01/24 v4.21 (NLCT)

(C:\Users\mweiss\MikTex\tex\latex\tools\longtable.sty
Package: longtable 2014/10/28 v4.11 Multi-page Table package (DPC)
\LTleft=\skip89
\LTright=\skip90
\LTpre=\skip91
\LTpost=\skip92
\LTchunksize=\count289
\LTcapwidth=\dimen317
\LT@head=\box68
\LT@firsthead=\box69
\LT@foot=\box70
\LT@lastfoot=\box71
\LT@cols=\count290
\LT@rows=\count291
\c@LT@tables=\count292
\c@LT@chunks=\count293
\LT@p@ftn=\toks52
)
Class scrbook Info: longtable captions redefined on input line 43.
\glsdescwidth=\skip93
\glspagelistwidth=\skip94
)
(C:\Users\mweiss\MikTex\localtexmf\tex\latex\glossary-tree.sty
Package: glossary-tree 2016/01/24 v4.21 (NLCT)
\glstreeindent=\skip95
))
(Glossaryentries.tex)
\glswrite=\write4
\glo@main@file=\write5
\openout5 = `master_thesis_RiemannPump.glo'.

Package glossaries Info: Writing glossary file master_thesis_RiemannPump.glo on
 input line 70.
\glo@acronym@file=\write6
\openout6 = `master_thesis_RiemannPump.acn'.

Package glossaries Info: Writing glossary file master_thesis_RiemannPump.acn on
 input line 70.
\glo@abbreviations@file=\write7
\openout7 = `master_thesis_RiemannPump.abn'.

Package glossaries Info: Writing glossary file master_thesis_RiemannPump.abn on
 input line 70.
\glo@symbols@file=\write8
\openout8 = `master_thesis_RiemannPump.sbl'.

Package glossaries Info: Writing glossary file master_thesis_RiemannPump.sbl on
 input line 70.
\@indexfile=\write9
\openout9 = `master_thesis_RiemannPump.idx'.


Writing index file master_thesis_RiemannPump.idx

LaTeX Warning: Unused global option(s):
    [english].

(master_thesis_RiemannPump.aux (preface.aux) (stateoftheart.aux)
(fundamentals.aux) (design.aux) (simulation.aux

LaTeX Warning: Label `fig:SynthesizedSignalWithStatedRiemanncode' multiply defi
ned.

) (layout.aux) (measurement.aux) (conclusion.aux) (appendix.aux))
\openout1 = `master_thesis_RiemannPump.aux'.

LaTeX Font Info:    Checking defaults for OML/cmm/m/it on input line 96.
LaTeX Font Info:    ... okay on input line 96.
LaTeX Font Info:    Checking defaults for T1/cmr/m/n on input line 96.
LaTeX Font Info:    ... okay on input line 96.
LaTeX Font Info:    Checking defaults for OT1/cmr/m/n on input line 96.
LaTeX Font Info:    ... okay on input line 96.
LaTeX Font Info:    Checking defaults for OMS/cmsy/m/n on input line 96.
LaTeX Font Info:    ... okay on input line 96.
LaTeX Font Info:    Checking defaults for OMX/cmex/m/n on input line 96.
LaTeX Font Info:    ... okay on input line 96.
LaTeX Font Info:    Checking defaults for U/cmr/m/n on input line 96.
LaTeX Font Info:    ... okay on input line 96.
LaTeX Font Info:    Try loading font information for T1+ptm on input line 96.

(C:\Users\mweiss\MikTex\tex\latex\psnfss\t1ptm.fd
File: t1ptm.fd 2001/06/04 font definitions for T1/ptm.
)
Package caption Info: Begin \AtBeginDocument code.
Package caption Info: floatrow package is loaded.
Package caption Info: longtable package is loaded.

(C:\Users\mweiss\MikTex\localtexmf\tex\latex\ltcaption.sty
Package: ltcaption 2015/09/20 v1.4-117 longtable captions (AR)
)
Package caption Info: End \AtBeginDocument code.

(C:\Users\mweiss\MikTex\localtexmf\tex\latex\fr-longtable.sty
Package: fr-longtable 2007/11/28 v0.1b (beta) floatrow: additions for longtable

\flrow@LT@lasthead=\box72
\flrow@LT@prelastfoot=\box73
\c@FBLTpage=\count294
)
*geometry* driver: auto-detecting
*geometry* detected driver: pdftex
*geometry* verbose mode - [ preamble ] result:
* driver: pdftex
* paper: <default>
* layout: <same size as paper>
* layoutoffset:(h,v)=(0.0pt,0.0pt)
* modes: twoside 
* h-part:(L,W,R)=(85.35826pt, 426.79141pt, 85.35826pt)
* v-part:(T,H,B)=(71.13188pt, 702.78317pt, 71.13188pt)
* \paperwidth=597.50793pt
* \paperheight=845.04694pt
* \textwidth=426.79141pt
* \textheight=702.78317pt
* \oddsidemargin=13.08827pt
* \evensidemargin=13.08827pt
* \topmargin=-41.0131pt
* \headheight=21.75pt
* \headsep=21.75pt
* \topskip=12.0pt
* \footskip=50.75pt
* \marginparwidth=72.91019pt
* \marginparsep=12.8401pt
* \columnsep=10.0pt
* \skip\footins=10.8pt plus 4.0pt minus 2.0pt
* \hoffset=0.0pt
* \voffset=0.0pt
* \mag=1000
* \@twocolumnfalse
* \@twosidetrue
* \@mparswitchtrue
* \@reversemarginfalse
* (1in=72.27pt=25.4mm, 1cm=28.453pt)

ABD: EveryShipout initializing macros
LaTeX Info: Redefining \microtypecontext on input line 96.
Package microtype Info: Generating PDF output.
Package microtype Info: Character protrusion enabled (level 2).


Package microtype Warning: No protrusion set chosen, no default set declared. 
(microtype)                Using empty set.

Package microtype Info: Automatic font expansion enabled (level 2),
(microtype)             stretch: 20, shrink: 20, step: 1, non-selected.

Package microtype Warning: No expansion set chosen, no default set declared. 
(microtype)                Using empty set.

Package microtype Info: No adjustment of tracking.
Package microtype Info: No adjustment of interword spacing.
Package microtype Info: No adjustment of character kerning.

Package microtype Warning: I cannot find a protrusion list for font
(microtype)                `T1/ptm/m/n/12'. Switching off
(microtype)                protrusion for this font on input line 96.

(C:\Users\mweiss\MikTex\localtexmf\tex\latex\siunitx-abbreviations.cfg
File: siunitx-abbreviations.cfg 2015/10/15 v2.6m siunitx: Abbreviated units
)
\c__siunitx_mathsf_int=\count295


Package microtype Warning: I cannot find a protrusion list for font
(microtype)                `OT1/cmr/m/n/12'. Switching off
(microtype)                protrusion for this font on input line 96.


Package microtype Warning: I cannot find a protrusion list for font
(microtype)                `OT1/cmr/m/n/8'. Switching off
(microtype)                protrusion for this font on input line 96.


Package microtype Warning: I cannot find a protrusion list for font
(microtype)                `OT1/cmr/m/n/6'. Switching off
(microtype)                protrusion for this font on input line 96.


Package microtype Warning: I cannot find a protrusion list for font
(microtype)                `OML/cmm/m/it/12'. Switching off
(microtype)                protrusion for this font on input line 96.


Package microtype Warning: I cannot find a protrusion list for font
(microtype)                `OML/cmm/m/it/8'. Switching off
(microtype)                protrusion for this font on input line 96.


Package microtype Warning: I cannot find a protrusion list for font
(microtype)                `OML/cmm/m/it/6'. Switching off
(microtype)                protrusion for this font on input line 96.


Package microtype Warning: I cannot find a protrusion list for font
(microtype)                `OMS/cmsy/m/n/12'. Switching off
(microtype)                protrusion for this font on input line 96.


Package microtype Warning: I cannot find a protrusion list for font
(microtype)                `OMS/cmsy/m/n/8'. Switching off
(microtype)                protrusion for this font on input line 96.


Package microtype Warning: I cannot find a protrusion list for font
(microtype)                `OMS/cmsy/m/n/6'. Switching off
(microtype)                protrusion for this font on input line 96.


Package microtype Warning: I cannot find a protrusion list for font
(microtype)                `OMX/cmex/m/n/12'. Switching off
(microtype)                protrusion for this font on input line 96.


Package microtype Warning: I cannot find a protrusion list for font
(microtype)                `OMX/cmex/m/n/8'. Switching off
(microtype)                protrusion for this font on input line 96.


Package microtype Warning: I cannot find a protrusion list for font
(microtype)                `OMX/cmex/m/n/6'. Switching off
(microtype)                protrusion for this font on input line 96.

LaTeX Font Info:    Try loading font information for U+msa on input line 96.
(C:\Users\mweiss\MikTex\tex\latex\amsfonts\umsa.fd
File: umsa.fd 2013/01/14 v3.01 AMS symbols A
)

Package microtype Warning: I cannot find a protrusion list for font
(microtype)                `U/msa/m/n/12'. Switching off
(microtype)                protrusion for this font on input line 96.


Package microtype Warning: I cannot find a protrusion list for font
(microtype)                `U/msa/m/n/8'. Switching off
(microtype)                protrusion for this font on input line 96.


Package microtype Warning: I cannot find a protrusion list for font
(microtype)                `U/msa/m/n/6'. Switching off
(microtype)                protrusion for this font on input line 96.

LaTeX Font Info:    Try loading font information for U+msb on input line 96.
(C:\Users\mweiss\MikTex\tex\latex\amsfonts\umsb.fd
File: umsb.fd 2013/01/14 v3.01 AMS symbols B
)

Package microtype Warning: I cannot find a protrusion list for font
(microtype)                `U/msb/m/n/12'. Switching off
(microtype)                protrusion for this font on input line 96.


Package microtype Warning: I cannot find a protrusion list for font
(microtype)                `U/msb/m/n/8'. Switching off
(microtype)                protrusion for this font on input line 96.


Package microtype Warning: I cannot find a protrusion list for font
(microtype)                `U/msb/m/n/6'. Switching off
(microtype)                protrusion for this font on input line 96.


Package microtype Warning: I cannot find a protrusion list for font
(microtype)                `OT1/cmss/m/n/12'. Switching off
(microtype)                protrusion for this font on input line 96.


Package microtype Warning: I cannot find a protrusion list for font
(microtype)                `OT1/cmss/m/n/8'. Switching off
(microtype)                protrusion for this font on input line 96.


Package microtype Warning: I cannot find a protrusion list for font
(microtype)                `OT1/cmss/m/n/6'. Switching off
(microtype)                protrusion for this font on input line 96.

\c__siunitx_mathtt_int=\count296

Package microtype Warning: I cannot find a protrusion list for font
(microtype)                `OT1/cmtt/m/n/12'. Switching off
(microtype)                protrusion for this font on input line 96.


Package microtype Warning: I cannot find a protrusion list for font
(microtype)                `OT1/cmtt/m/n/8'. Switching off
(microtype)                protrusion for this font on input line 96.


Package microtype Warning: I cannot find a protrusion list for font
(microtype)                `OT1/cmtt/m/n/6'. Switching off
(microtype)                protrusion for this font on input line 96.

<logos/logo_iaf.pdf, id=4, 241.85356pt x 65.9263pt>
File: logos/logo_iaf.pdf Graphic file (type pdf)
 <use logos/logo_iaf.pdf>
Package pdftex.def Info: logos/logo_iaf.pdf used on input line 109.
(pdftex.def)             Requested size: 187.88478pt x 51.21504pt.
LaTeX Font Info:    Try loading font information for T1+phv on input line 109.

(C:\Users\mweiss\MikTex\tex\latex\psnfss\t1phv.fd
File: t1phv.fd 2001/06/04 scalable font definitions for T1/phv.
)

Package microtype Warning: I cannot find a protrusion list for font
(microtype)                `T1/phv/m/n/12'. Switching off
(microtype)                protrusion for this font on input line 109.


Package microtype Warning: I cannot find a protrusion list for font
(microtype)                `T1/phv/m/n/17.28'. Switching off
(microtype)                protrusion for this font on input line 109.


Package microtype Warning: I cannot find a protrusion list for font
(microtype)                `T1/phv/m/n/20.74'. Switching off
(microtype)                protrusion for this font on input line 109.

LaTeX Font Info:    Font shape `T1/phv/bx/n' in size <20.74> not available
(Font)              Font shape `T1/phv/b/n' tried instead on input line 109.

Package microtype Warning: I cannot find a protrusion list for font
(microtype)                `T1/phv/b/n/20.74'. Switching off
(microtype)                protrusion for this font on input line 109.


Package microtype Warning: I cannot find a protrusion list for font
(microtype)                `OT1/cmr/m/n/17.28'. Switching off
(microtype)                protrusion for this font on input line 109.


Package microtype Warning: I cannot find a protrusion list for font
(microtype)                `OT1/cmr/m/n/10'. Switching off
(microtype)                protrusion for this font on input line 109.


Package microtype Warning: I cannot find a protrusion list for font
(microtype)                `OML/cmm/m/it/17.28'. Switching off
(microtype)                protrusion for this font on input line 109.


Package microtype Warning: I cannot find a protrusion list for font
(microtype)                `OML/cmm/m/it/10'. Switching off
(microtype)                protrusion for this font on input line 109.


Package microtype Warning: I cannot find a protrusion list for font
(microtype)                `OMS/cmsy/m/n/17.28'. Switching off
(microtype)                protrusion for this font on input line 109.


Package microtype Warning: I cannot find a protrusion list for font
(microtype)                `OMS/cmsy/m/n/10'. Switching off
(microtype)                protrusion for this font on input line 109.


Package microtype Warning: I cannot find a protrusion list for font
(microtype)                `OMX/cmex/m/n/17.28'. Switching off
(microtype)                protrusion for this font on input line 109.


Package microtype Warning: I cannot find a protrusion list for font
(microtype)                `OMX/cmex/m/n/10'. Switching off
(microtype)                protrusion for this font on input line 109.


Package microtype Warning: I cannot find a protrusion list for font
(microtype)                `OT1/cmss/m/n/17.28'. Switching off
(microtype)                protrusion for this font on input line 109.


Package microtype Warning: I cannot find a protrusion list for font
(microtype)                `OT1/cmss/m/n/10'. Switching off
(microtype)                protrusion for this font on input line 109.


Package microtype Warning: I cannot find a protrusion list for font
(microtype)                `OT1/cmtt/m/n/17.28'. Switching off
(microtype)                protrusion for this font on input line 109.


Package microtype Warning: I cannot find a protrusion list for font
(microtype)                `OT1/cmtt/m/n/10'. Switching off
(microtype)                protrusion for this font on input line 109.


Package microtype Warning: I cannot find a protrusion list for font
(microtype)                `U/msa/m/n/17.28'. Switching off
(microtype)                protrusion for this font on input line 109.


Package microtype Warning: I cannot find a protrusion list for font
(microtype)                `U/msa/m/n/10'. Switching off
(microtype)                protrusion for this font on input line 109.


Package microtype Warning: I cannot find a protrusion list for font
(microtype)                `U/msb/m/n/17.28'. Switching off
(microtype)                protrusion for this font on input line 109.


Package microtype Warning: I cannot find a protrusion list for font
(microtype)                `U/msb/m/n/10'. Switching off
(microtype)                protrusion for this font on input line 109.

[1

\openout4 = `master_thesis_RiemannPump.ist'.



{C:/Users/mweiss/AppData/Local/MiKTeX/2.9/pdftex/config/pdftex.map} <./logos/lo
go_iaf.pdf>] [2


]
LaTeX Font Info:    Font shape `T1/phv/bx/n' in size <12> not available
(Font)              Font shape `T1/phv/b/n' tried instead on input line 109.


Package microtype Warning: I cannot find a protrusion list for font
(microtype)                `T1/phv/b/n/12'. Switching off
(microtype)                protrusion for this font on input line 109.

[3


] [4


] (abstract.tex
LaTeX Font Info:    Font shape `T1/ptm/bx/n' in size <12> not available
(Font)              Font shape `T1/ptm/b/n' tried instead on input line 1.


Package microtype Warning: I cannot find a protrusion list for font
(microtype)                `T1/ptm/b/n/12'. Switching off
(microtype)                protrusion for this font on input line 1.


Package microtype Warning: I cannot find a protrusion list for font
(microtype)                `T1/ptm/m/it/12'. Switching off
(microtype)                protrusion for this font on input line 25.

[5


]
LaTeX Font Info:    Try loading font information for OMS+ptm on input line 33.
 (C:\Users\mweiss\MikTex\tex\latex\psnfss\omsptm.fd
File: omsptm.fd 
)
LaTeX Font Info:    Font shape `OMS/ptm/m/n' in size <12> not available
(Font)              Font shape `OMS/cmsy/m/n' tried instead on input line 33.
) [6]
Package tocbasic Info: character protrusion at toc deactivated on input line 11
7.

(master_thesis_RiemannPump.toc

Package microtype Warning: I cannot find a protrusion list for font
(microtype)                `T1/ptm/m/sl/12'. Switching off
(microtype)                protrusion for this font on input line 29.

[1






])
\tf@toc=\write10
\openout10 = `master_thesis_RiemannPump.toc'.

 (master_thesis_RiemannPump.gls) (master_thesis_RiemannPump.acr)
(master_thesis_RiemannPump.ab [2]) (master_thesis_RiemannPump.sy [3




] [4


])
[5


] [6


]
\openout2 = `preface.aux'.

 (preface.tex
chapter 1.
) [1



] [2]
\openout2 = `stateoftheart.aux'.

 (stateoftheart.tex
chapter 2.
) [3




]
\openout2 = `fundamentals.aux'.

 (fundamentals.tex [4




]
chapter 3.
LaTeX Font Info:    Font shape `T1/phv/bx/n' in size <17.28> not available
(Font)              Font shape `T1/phv/b/n' tried instead on input line 4.

Package microtype Warning: I cannot find a protrusion list for font
(microtype)                `T1/phv/b/n/17.28'. Switching off
(microtype)                protrusion for this font on input line 4.


Package microtype Warning: I cannot find a protrusion list for font
(microtype)                `T1/ptm/m/n/10'. Switching off
(microtype)                protrusion for this font on input line 10.

<graphics/concept/ChargePump.pdf, id=82, 845.1575pt x 597.23125pt>
File: graphics/concept/ChargePump.pdf Graphic file (type pdf)

<use graphics/concept/ChargePump.pdf>
Package pdftex.def Info: graphics/concept/ChargePump.pdf used on input line 12.

(pdftex.def)             Requested size: 213.3957pt x 150.79286pt.


Package microtype Warning: I cannot find a protrusion list for font
(microtype)                `T1/ptm/m/n/10.95'. Switching off
(microtype)                protrusion for this font on input line 13.

[5] <graphics/concept/RP_concept.pdf, id=86, 845.1575pt x 597.23125pt>
File: graphics/concept/RP_concept.pdf Graphic file (type pdf)

<use graphics/concept/RP_concept.pdf>
Package pdftex.def Info: graphics/concept/RP_concept.pdf used on input line 25.

(pdftex.def)             Requested size: 213.3957pt x 150.79286pt.
 [6 <./graphics/concept/ChargePump.pdf, page is rotated 90 degrees> <./graphics
/concept/RP_concept.pdf, page is rotated 90 degrees>]
<graphics/concept/SlopesAndTable.pdf, id=112, 845.1575pt x 597.23125pt>
File: graphics/concept/SlopesAndTable.pdf Graphic file (type pdf)

<use graphics/concept/SlopesAndTable.pdf>
Package pdftex.def Info: graphics/concept/SlopesAndTable.pdf used on input line
 34.
(pdftex.def)             Requested size: 320.09355pt x 226.19385pt.

<graphics/concept/RiemannIntegral.pdf, id=113, 845.1575pt x 597.23125pt>
File: graphics/concept/RiemannIntegral.pdf Graphic file (type pdf)

<use graphics/concept/RiemannIntegral.pdf>
Package pdftex.def Info: graphics/concept/RiemannIntegral.pdf used on input lin
e 43.
(pdftex.def)             Requested size: 320.09355pt x 226.19385pt.

<graphics/concept/RiemannIntegralError.pdf, id=114, 845.1575pt x 597.23125pt>
File: graphics/concept/RiemannIntegralError.pdf Graphic file (type pdf)

<use graphics/concept/RiemannIntegralError.pdf>
Package pdftex.def Info: graphics/concept/RiemannIntegralError.pdf used on inpu
t line 50.
(pdftex.def)             Requested size: 320.09355pt x 226.19385pt.


Package microtype Warning: I cannot find a protrusion list for font
(microtype)                `T1/ptm/m/n/8'. Switching off
(microtype)                protrusion for this font on input line 56.


Package microtype Warning: I cannot find a protrusion list for font
(microtype)                `T1/ptm/m/n/6'. Switching off
(microtype)                protrusion for this font on input line 56.

) [7 <./graphics/concept/SlopesAndTable.pdf, page is rotated 90 degrees>]
[8 <./graphics/concept/RiemannIntegral.pdf, page is rotated 90 degrees>]
[9 <./graphics/concept/RiemannIntegralError.pdf, page is rotated 90 degrees>]
\openout2 = `design.aux'.


(design.tex [10




]
chapter 4.
<graphics/Active_PullUp3.png, id=155, 845.0772pt x 597.1911pt>
File: graphics/Active_PullUp3.png Graphic file (type png)

<use graphics/Active_PullUp3.png>
Package pdftex.def Info: graphics/Active_PullUp3.png used on input line 12.
(pdftex.def)             Requested size: 426.79141pt x 301.60191pt.
LaTeX Font Info:    Try loading font information for TS1+ptm on input line 24.

(C:\Users\mweiss\MikTex\tex\latex\psnfss\ts1ptm.fd
File: ts1ptm.fd 2001/06/04 font definitions for TS1/ptm.
)

Package microtype Warning: I cannot find a protrusion list for font
(microtype)                `TS1/ptm/m/n/12'. Switching off
(microtype)                protrusion for this font on input line 24.

[11]
<graphics/simulation/S_param_LoadImpedance.pdf, id=159, 845.1575pt x 597.23125p
t>
File: graphics/simulation/S_param_LoadImpedance.pdf Graphic file (type pdf)
 <use graphics/simulation/S_param_LoadImpedance.pdf>
Package pdftex.def Info: graphics/simulation/S_param_LoadImpedance.pdf used on 
input line 35.
(pdftex.def)             Requested size: 426.79141pt x 301.59483pt.

<graphics/simulation/InputCap_LoadImpedance_6GHz.pdf, id=160, 845.1575pt x 597.
23125pt>
File: graphics/simulation/InputCap_LoadImpedance_6GHz.pdf Graphic file (type pd
f)
 <use graphics/simulation/InputCap_LoadImpedance_6GHz.pdf>
Package pdftex.def Info: graphics/simulation/InputCap_LoadImpedance_6GHz.pdf us
ed on input line 47.
(pdftex.def)             Requested size: 213.3957pt x 150.79286pt.
 [12 <./graphics/Active_PullUp3.png>]
LaTeX Font Info:    Font shape `T1/ptm/bx/it' in size <12> not available
(Font)              Font shape `T1/ptm/b/it' tried instead on input line 69.


Package microtype Warning: I cannot find a protrusion list for font
(microtype)                `T1/ptm/b/it/12'. Switching off
(microtype)                protrusion for this font on input line 69.

) [13 <./graphics/simulation/S_param_LoadImpedance.pdf>] [14 <./graphics/simula
tion/InputCap_LoadImpedance_6GHz.pdf, page is rotated 90 degrees>]
\openout2 = `simulation.aux'.


(simulation.tex
chapter 5.

Underfull \hbox (badness 10000) in paragraph at lines 4--20

 []

[15




]
LaTeX Font Info:    Font shape `T1/phv/bx/n' in size <14.4> not available
(Font)              Font shape `T1/phv/b/n' tried instead on input line 31.


Package microtype Warning: I cannot find a protrusion list for font
(microtype)                `T1/phv/b/n/14.4'. Switching off
(microtype)                protrusion for this font on input line 31.


<graphics/concept/RCgeneration_SineWave_byHand.pdf, id=196, 845.1575pt x 597.23
125pt>
File: graphics/concept/RCgeneration_SineWave_byHand.pdf Graphic file (type pdf)

 <use graphics/concept/RCgeneration_SineWave_byHand.pdf>
Package pdftex.def Info: graphics/concept/RCgeneration_SineWave_byHand.pdf used
 on input line 41.
(pdftex.def)             Requested size: 320.09355pt x 226.19385pt.

<graphics/simulation/Vout_sine_sampling_1GHz_1period.pdf, id=197, 845.1575pt x 
597.23125pt>
File: graphics/simulation/Vout_sine_sampling_1GHz_1period.pdf Graphic file (typ
e pdf)
 <use graphics/simulation/Vout_sine_sampling_1GHz_1period.pdf>
Package pdftex.def Info: graphics/simulation/Vout_sine_sampling_1GHz_1period.pd
f used on input line 50.
(pdftex.def)             Requested size: 320.09355pt x 226.19385pt.

<graphics/simulation/Vout_sine_sampling_2GHz_1period.pdf, id=198, 845.1575pt x 
597.23125pt>
File: graphics/simulation/Vout_sine_sampling_2GHz_1period.pdf Graphic file (typ
e pdf)
 <use graphics/simulation/Vout_sine_sampling_2GHz_1period.pdf>
Package pdftex.def Info: graphics/simulation/Vout_sine_sampling_2GHz_1period.pd
f used on input line 58.
(pdftex.def)             Requested size: 320.09355pt x 226.19385pt.

<graphics/simulation/Vout_SynthVsTheo.pdf, id=199, 845.1575pt x 597.23125pt>
File: graphics/simulation/Vout_SynthVsTheo.pdf Graphic file (type pdf)

<use graphics/simulation/Vout_SynthVsTheo.pdf>
Package pdftex.def Info: graphics/simulation/Vout_SynthVsTheo.pdf used on input
 line 106.
(pdftex.def)             Requested size: 320.09355pt x 226.19385pt.
 [16] [17 <./graphics/concept/RCgeneration_SineWave_byHand.pdf, page is rotated
 90 degrees> <./graphics/simulation/Vout_sine_sampling_1GHz_1period.pdf, page i
s rotated 90 degrees>]
<graphics/simulation/SineCompare.pdf, id=214, 845.1575pt x 597.23125pt>
File: graphics/simulation/SineCompare.pdf Graphic file (type pdf)

<use graphics/simulation/SineCompare.pdf>
Package pdftex.def Info: graphics/simulation/SineCompare.pdf used on input line
 127.
(pdftex.def)             Requested size: 426.79141pt x 301.59483pt.
 [18 <./graphics/simulation/Vout_sine_sampling_2GHz_1period.pdf, page is rotate
d 90 degrees> <./graphics/simulation/Vout_SynthVsTheo.pdf, page is rotated 90 d
egrees>]
<graphics/simulation/Vout_sine_7signals_inOne_3bit_osr4.pdf, id=230, 845.1575pt
 x 597.23125pt>
File: graphics/simulation/Vout_sine_7signals_inOne_3bit_osr4.pdf Graphic file (
type pdf)

<use graphics/simulation/Vout_sine_7signals_inOne_3bit_osr4.pdf>
Package pdftex.def Info: graphics/simulation/Vout_sine_7signals_inOne_3bit_osr4
.pdf used on input line 146.
(pdftex.def)             Requested size: 320.09355pt x 226.19385pt.
 [19 <./graphics/simulation/SineCompare.pdf, page is rotated 90 degrees>] [20 <
./graphics/simulation/Vout_sine_7signals_inOne_3bit_osr4.pdf, page is rotated 9
0 degrees>])
[21]
\openout2 = `layout.aux'.

 (layout.tex [22




]
chapter 6.
[23]) [24]
\openout2 = `measurement.aux'.

 (measurement.tex
chapter 7.
[25




]) [26]
\openout2 = `conclusion.aux'.

 (conclusion.tex
chapter 8.
) [27




]

Package natbib Warning: Citation `Devrac2014' undefined on input line 138.


Package natbib Warning: Citation `Devrac2015' undefined on input line 139.

[28



]
No file master_thesis_RiemannPump.bbl.
\openout2 = `appendix.aux'.

(appendix.tex [29




] [30]) [31] [32



]

Package natbib Warning: There were undefined citations.

(master_thesis_RiemannPump.aux (preface.aux) (stateoftheart.aux)
(fundamentals.aux) (design.aux) (simulation.aux) (layout.aux) (measurement.aux)
(conclusion.aux) (appendix.aux))

LaTeX Warning: There were multiply-defined labels.

 ) 
Here is how much of TeX's memory you used:
 37269 strings out of 493634
 710949 string characters out of 3145792
 802527 words of memory out of 3000000
 39536 multiletter control sequences out of 15000+200000
 76244 words of font info for 369 fonts, out of 3000000 for 9000
 1025 hyphenation exceptions out of 8191
 71i,12n,81p,10427b,916s stack positions out of 5000i,500n,10000p,200000b,50000s
{C:/Users/mweiss/MikTex/fonts/enc/dvips/fontname/8r.enc}<C:/Users/mweiss/MikT
ex/fonts/type1/public/amsfonts/cm/cmex10.pfb><C:/Users/mweiss/MikTex/fonts/type
1/public/amsfonts/cm/cmmi12.pfb><C:/Users/mweiss/MikTex/fonts/type1/public/amsf
onts/cm/cmmi8.pfb><C:/Users/mweiss/MikTex/fonts/type1/public/amsfonts/cm/cmr12.
pfb><C:/Users/mweiss/MikTex/fonts/type1/public/amsfonts/cm/cmr8.pfb><C:/Users/m
weiss/MikTex/fonts/type1/public/amsfonts/cm/cmsy10.pfb><C:/Users/mweiss/MikTex/
fonts/type1/public/amsfonts/cm/cmsy8.pfb><C:/Users/mweiss/MikTex/fonts/type1/ur
w/helvetic/uhvb8a.pfb><C:/Users/mweiss/MikTex/fonts/type1/urw/helvetic/uhvr8a.p
fb><C:/Users/mweiss/MikTex/fonts/type1/urw/times/utmb8a.pfb><C:/Users/mweiss/Mi
kTex/fonts/type1/urw/times/utmbi8a.pfb><C:/Users/mweiss/MikTex/fonts/type1/urw/
times/utmr8a.pfb><C:/Users/mweiss/MikTex/fonts/type1/urw/times/utmr8a.pfb><C:/U
sers/mweiss/MikTex/fonts/type1/urw/times/utmri8a.pfb>
Output written on master_thesis_RiemannPump.pdf (44 pages, 932376 bytes).
PDF statistics:
 336 PDF objects out of 1000 (max. 8388607)
 0 named destinations out of 1000 (max. 500000)
 161880 words of extra memory for PDF output out of 184870 (max. 10000000)

